11_Orderista/SourceCode/Orderista/Orderista/build/app/intermediates/manifest_merge_blame_file/release/manifest-merger-blame-release-report.txt
1<?xml version="1.0" encoding="utf-8"?>
2<manifest xmlns:android="http://schemas.android.com/apk/res/android"
3    package="com.example.orderista"
4    android:versionCode="1"
5    android:versionName="1.0.0" >
6
7    <uses-sdk
8        android:minSdkVersion="19"
8-->src/main/AndroidManifest.xml
9        android:targetSdkVersion="30" />
9-->src/main/AndroidManifest.xml
10
11    <uses-permission android:name="android.permission.CAMERA" />
11-->[:flutter_barcode_scanner] AndroidManifest.xml:9:5-65
11-->[:flutter_barcode_scanner] AndroidManifest.xml:9:22-62
12
13    <uses-feature android:name="android.hardware.camera" />
13-->[:flutter_barcode_scanner] AndroidManifest.xml:11:5-60
13-->[:flutter_barcode_scanner] AndroidManifest.xml:11:19-57
14
15    <uses-permission android:name="android.permission.FLASHLIGHT" />
15-->[:flutter_barcode_scanner] AndroidManifest.xml:13:5-69
15-->[:flutter_barcode_scanner] AndroidManifest.xml:13:22-66
16    <uses-permission android:name="android.permission.INTERNET" />
16-->[com.razorpay:checkout:1.6.6] AndroidManifest.xml:9:5-67
16-->[com.razorpay:checkout:1.6.6] AndroidManifest.xml:9:22-64
17
18    <application
18-->src/main/AndroidManifest.xml:3:4-40:19
19        android:appComponentFactory="androidx.core.app.CoreComponentFactory"
19-->[androidx.core:core:1.1.0] AndroidManifest.xml:24:18-86
20        android:icon="@mipmap/ic_launcher"
20-->src/main/AndroidManifest.xml:5:9-43
21        android:label="orderista"
21-->src/main/AndroidManifest.xml:4:9-34
22        android:largeHeap="true"
22-->[:flutter_barcode_scanner] AndroidManifest.xml:16:9-33
23        android:theme="@style/Theme.AppCompat.NoActionBar" >
23-->[:flutter_barcode_scanner] AndroidManifest.xml:17:9-59
24        <activity
24-->src/main/AndroidManifest.xml:6:9-34:20
25            android:name="com.example.orderista.MainActivity"
25-->src/main/AndroidManifest.xml:7:13-41
26            android:configChanges="orientation|keyboardHidden|keyboard|screenSize|smallestScreenSize|locale|layoutDirection|fontScale|screenLayout|density|uiMode"
26-->src/main/AndroidManifest.xml:10:13-163
27            android:hardwareAccelerated="true"
27-->src/main/AndroidManifest.xml:11:13-47
28            android:launchMode="singleTop"
28-->src/main/AndroidManifest.xml:8:13-43
29            android:theme="@style/LaunchTheme"
29-->src/main/AndroidManifest.xml:9:13-47
30            android:windowSoftInputMode="adjustResize" >
30-->src/main/AndroidManifest.xml:12:13-55
31
32            <!--
33                 Specifies an Android theme to apply to this Activity as soon as
34                 the Android process has started. This theme is visible to the user
35                 while the Flutter UI initializes. After that, this theme continues
36                 to determine the Window background behind the Flutter UI.
37            -->
38            <meta-data
38-->src/main/AndroidManifest.xml:17:13-20:17
39                android:name="io.flutter.embedding.android.NormalTheme"
39-->src/main/AndroidManifest.xml:18:15-70
40                android:resource="@style/NormalTheme" />
40-->src/main/AndroidManifest.xml:19:15-52
41            <!--
42                 Displays an Android View that continues showing the launch screen
43                 Drawable until Flutter paints its first frame, then this splash
44                 screen fades out. A splash screen is useful to avoid any visual
45                 gap between the end of Android's launch screen and the painting of
46                 Flutter's first frame.
47            -->
48            <meta-data
48-->src/main/AndroidManifest.xml:26:13-29:17
49                android:name="io.flutter.embedding.android.SplashScreenDrawable"
49-->src/main/AndroidManifest.xml:27:15-79
50                android:resource="@drawable/launch_background" />
50-->src/main/AndroidManifest.xml:28:15-61
51
52            <intent-filter>
52-->src/main/AndroidManifest.xml:30:13-33:29
53                <action android:name="android.intent.action.MAIN" />
53-->src/main/AndroidManifest.xml:31:17-68
53-->src/main/AndroidManifest.xml:31:25-66
54
55                <category android:name="android.intent.category.LAUNCHER" />
55-->src/main/AndroidManifest.xml:32:17-76
55-->src/main/AndroidManifest.xml:32:27-74
56            </intent-filter>
57        </activity>
58        <!--
59             Don't delete the meta-data below.
60             This is used by the Flutter tool to generate GeneratedPluginRegistrant.java
61        -->
62        <meta-data
62-->src/main/AndroidManifest.xml:37:9-39:33
63            android:name="flutterEmbedding"
63-->src/main/AndroidManifest.xml:38:13-44
64            android:value="2" />
64-->src/main/AndroidManifest.xml:39:13-30
65
66        <activity
66-->[:razorpay_flutter] AndroidManifest.xml:8:9-11:20
67            android:name="com.razorpay.CheckoutActivity"
67-->[:razorpay_flutter] AndroidManifest.xml:9:13-57
68            android:configChanges="keyboard|keyboardHidden|orientation|screenSize"
68-->[com.razorpay:checkout:1.6.6] AndroidManifest.xml:20:13-83
69            android:label="Razorpay Checkout"
69-->[:razorpay_flutter] AndroidManifest.xml:10:13-46
70            android:theme="@style/CheckoutTheme" >
70-->[com.razorpay:checkout:1.6.6] AndroidManifest.xml:21:13-49
71            <intent-filter>
71-->[com.razorpay:checkout:1.6.6] AndroidManifest.xml:22:13-28:29
72                <action android:name="android.intent.action.MAIN" />
72-->src/main/AndroidManifest.xml:31:17-68
72-->src/main/AndroidManifest.xml:31:25-66
73
74                <data
74-->[com.razorpay:checkout:1.6.6] AndroidManifest.xml:25:17-27:47
75                    android:host="rzp.io"
75-->[com.razorpay:checkout:1.6.6] AndroidManifest.xml:26:21-42
76                    android:scheme="io.rzp" />
76-->[com.razorpay:checkout:1.6.6] AndroidManifest.xml:27:21-44
77            </intent-filter>
78        </activity>
79        <activity
79-->[:url_launcher] AndroidManifest.xml:8:9-11:74
80            android:name="io.flutter.plugins.urllauncher.WebViewActivity"
80-->[:url_launcher] AndroidManifest.xml:9:13-74
81            android:exported="false"
81-->[:url_launcher] AndroidManifest.xml:10:13-37
82            android:theme="@android:style/Theme.NoTitleBar.Fullscreen" />
82-->[:url_launcher] AndroidManifest.xml:11:13-71
83        <activity android:name="com.amolg.flutterbarcodescanner.BarcodeCaptureActivity" />
83-->[:flutter_barcode_scanner] AndroidManifest.xml:18:9-91
83-->[:flutter_barcode_scanner] AndroidManifest.xml:18:19-88
84
85        <receiver android:name="com.razorpay.RzpTokenReceiver" >
85-->[com.razorpay:checkout:1.6.6] AndroidManifest.xml:12:9-16:20
85-->[com.razorpay:checkout:1.6.6] AndroidManifest.xml:12:19-63
86            <intent-filter>
86-->[com.razorpay:checkout:1.6.6] AndroidManifest.xml:13:13-15:29
87                <action android:name="rzp.device_token.share" />
87-->[com.razorpay:checkout:1.6.6] AndroidManifest.xml:14:17-65
87-->[com.razorpay:checkout:1.6.6] AndroidManifest.xml:14:25-62
88            </intent-filter>
89        </receiver>
90
91        <activity
91-->[com.google.android.gms:play-services-auth:17.0.0] AndroidManifest.xml:23:9-27:75
92            android:name="com.google.android.gms.auth.api.signin.internal.SignInHubActivity"
92-->[com.google.android.gms:play-services-auth:17.0.0] AndroidManifest.xml:24:13-93
93            android:excludeFromRecents="true"
93-->[com.google.android.gms:play-services-auth:17.0.0] AndroidManifest.xml:25:13-46
94            android:exported="false"
94-->[com.google.android.gms:play-services-auth:17.0.0] AndroidManifest.xml:26:13-37
95            android:theme="@android:style/Theme.Translucent.NoTitleBar" />
95-->[com.google.android.gms:play-services-auth:17.0.0] AndroidManifest.xml:27:13-72
96        <!--
97            Service handling Google Sign-In user revocation. For apps that do not integrate with
98            Google Sign-In, this service will never be started.
99        -->
100        <service
100-->[com.google.android.gms:play-services-auth:17.0.0] AndroidManifest.xml:33:9-36:110
101            android:name="com.google.android.gms.auth.api.signin.RevocationBoundService"
101-->[com.google.android.gms:play-services-auth:17.0.0] AndroidManifest.xml:34:13-89
102            android:exported="true"
102-->[com.google.android.gms:play-services-auth:17.0.0] AndroidManifest.xml:35:13-36
103            android:permission="com.google.android.gms.auth.api.signin.permission.REVOCATION_NOTIFICATION" />
103-->[com.google.android.gms:play-services-auth:17.0.0] AndroidManifest.xml:36:13-107
104
105        <activity
105-->[com.google.android.gms:play-services-base:17.0.0] AndroidManifest.xml:23:9-26:75
106            android:name="com.google.android.gms.common.api.GoogleApiActivity"
106-->[com.google.android.gms:play-services-base:17.0.0] AndroidManifest.xml:24:13-79
107            android:exported="false"
107-->[com.google.android.gms:play-services-base:17.0.0] AndroidManifest.xml:25:13-37
108            android:theme="@android:style/Theme.Translucent.NoTitleBar" />
108-->[com.google.android.gms:play-services-base:17.0.0] AndroidManifest.xml:26:13-72
109
110        <meta-data
110-->[com.google.android.gms:play-services-basement:17.0.0] AndroidManifest.xml:23:9-25:69
111            android:name="com.google.android.gms.version"
111-->[com.google.android.gms:play-services-basement:17.0.0] AndroidManifest.xml:24:13-58
112            android:value="@integer/google_play_services_version" />
112-->[com.google.android.gms:play-services-basement:17.0.0] AndroidManifest.xml:25:13-66
113    </application>
114
115</manifest>